<?xml version="1.0" encoding="UTF-8"?>
<!-- Generated by org.testng.reporters.JUnitReportReporter -->
<testsuite hostname="DESKTOP-I91J3NG" failures="0" tests="3" name="Testcases.TC002Survey_idSearch_LinkCreation" time="46.184" errors="0" timestamp="2025-01-02T21:10:11 IST" skipped="0">
  <testcase classname="Testcases.TC002Survey_idSearch_LinkCreation" name="login" time="5.109"/>
  <testcase classname="Testcases.TC002Survey_idSearch_LinkCreation" name="survey_id_search" time="8.173"/>
  <testcase classname="Testcases.TC002Survey_idSearch_LinkCreation" name="Container_Creation" time="32.902"/>
</testsuite> <!-- Testcases.TC002Survey_idSearch_LinkCreation -->
