<?xml version="1.0" encoding="UTF-8"?>
<!-- Generated by org.testng.reporters.JUnitReportReporter -->
<testsuite hostname="DESKTOP-I91J3NG" failures="0" tests="3" name="Testcases.TC008FileUpload_ManageRepo" time="15.737" errors="0" timestamp="2025-01-04T21:23:46 IST" skipped="0">
  <testcase classname="Testcases.TC008FileUpload_ManageRepo" name="login" time="3.022"/>
  <testcase classname="Testcases.TC008FileUpload_ManageRepo" name="survey_id_search" time="7.567"/>
  <testcase classname="Testcases.TC008FileUpload_ManageRepo" name="videoupload" time="5.148"/>
</testsuite> <!-- Testcases.TC008FileUpload_ManageRepo -->
