<?xml version="1.0" encoding="UTF-8"?>
<!-- Generated by org.testng.reporters.JUnitReportReporter -->
<testsuite hostname="DESKTOP-I91J3NG" failures="0" tests="2" name="Testcases.TC003Survey_Container_Data_Creation" time="16.533" errors="0" timestamp="2025-01-01T18:56:53 IST" skipped="0">
  <testcase classname="Testcases.TC003Survey_Container_Data_Creation" name="Builder_login" time="7.445"/>
  <testcase classname="Testcases.TC003Survey_Container_Data_Creation" name="BuilderSurveyCreations" time="9.088"/>
</testsuite> <!-- Testcases.TC003Survey_Container_Data_Creation -->
