<?xml version="1.0" encoding="UTF-8"?>
<!-- Generated by org.testng.reporters.JUnitReportReporter -->
<testsuite hostname="DESKTOP-I91J3NG" failures="0" tests="3" name="Testcases.TC010Exce_Data_Base_LoginTestCases_Sanity" time="93.955" errors="0" timestamp="2025-01-10T21:23:43 IST" skipped="0">
  <testcase classname="Testcases.TC010Exce_Data_Base_LoginTestCases_Sanity" name="login" time="60.158"/>
  <testcase classname="Testcases.TC010Exce_Data_Base_LoginTestCases_Sanity" name="login" time="27.282"/>
  <testcase classname="Testcases.TC010Exce_Data_Base_LoginTestCases_Sanity" name="login" time="6.515"/>
</testsuite> <!-- Testcases.TC010Exce_Data_Base_LoginTestCases_Sanity -->
