<?xml version="1.0" encoding="UTF-8"?>
<!-- Generated by org.testng.reporters.JUnitReportReporter -->
<testsuite hostname="DESKTOP-I91J3NG" failures="0" tests="1" name="Testcases.TC003Survey_Filling" time="24.214" errors="0" timestamp="2025-01-02T21:56:49 IST" skipped="0">
  <testcase classname="Testcases.TC003Survey_Filling" name="survey_filling" time="24.214"/>
</testsuite> <!-- Testcases.TC003Survey_Filling -->
