<?xml version="1.0" encoding="UTF-8"?>
<!-- Generated by org.testng.reporters.JUnitReportReporter -->
<testsuite hostname="DESKTOP-I91J3NG" failures="0" tests="2" name="Testcases.TC004Survey_Creation" time="21.964" errors="0" timestamp="2025-01-11T00:19:52 IST" skipped="0">
  <testcase classname="Testcases.TC004Survey_Creation" name="Builder_login" time="8.207"/>
  <testcase classname="Testcases.TC004Survey_Creation" name="Builder_login" time="13.757"/>
</testsuite> <!-- Testcases.TC004Survey_Creation -->
