<?xml version="1.0" encoding="UTF-8"?>
<!-- Generated by org.testng.reporters.JUnitReportReporter -->
<testsuite hostname="DESKTOP-I91J3NG" failures="0" tests="3" name="Testcases.TC002Survey_idSearch" time="26.236" errors="0" timestamp="2025-01-02T09:54:32 IST" skipped="0">
  <testcase classname="Testcases.TC002Survey_idSearch" name="login" time="3.088"/>
  <testcase classname="Testcases.TC002Survey_idSearch" name="survey_id_search" time="7.718"/>
  <testcase classname="Testcases.TC002Survey_idSearch" name="Container_Creation" time="15.430"/>
</testsuite> <!-- Testcases.TC002Survey_idSearch -->
