<?xml version="1.0" encoding="UTF-8"?>
<!-- Generated by org.testng.reporters.JUnitReportReporter -->
<testsuite hostname="DESKTOP-I91J3NG" failures="0" tests="1" name="Testcases.TC000ResearchRaisingRequest" time="18.688" errors="0" timestamp="2025-01-04T13:51:11 IST" skipped="0">
  <testcase classname="Testcases.TC000ResearchRaisingRequest" name="Research_Login_reg" time="18.688"/>
</testsuite> <!-- Testcases.TC000ResearchRaisingRequest -->
