<?xml version="1.0" encoding="UTF-8"?>
<!-- Generated by org.testng.reporters.JUnitReportReporter -->
<testsuite hostname="DESKTOP-I91J3NG" failures="0" tests="2" name="Testcases.TC009Research_Project_Study_Mapping" time="13.056" errors="0" timestamp="2025-01-05T18:01:10 IST" skipped="0">
  <testcase classname="Testcases.TC009Research_Project_Study_Mapping" name="Research_Login_reg" time="5.468"/>
  <testcase classname="Testcases.TC009Research_Project_Study_Mapping" name="survey_project_mapping" time="7.588"/>
</testsuite> <!-- Testcases.TC009Research_Project_Study_Mapping -->
