<?xml version="1.0" encoding="UTF-8"?>
<!-- Generated by org.testng.reporters.JUnitReportReporter -->
<testsuite hostname="DESKTOP-I91J3NG" failures="0" tests="1" name="Testcases.TC001LoginTestCases" time="8.227" errors="0" timestamp="2024-12-30T20:59:23 IST" skipped="0">
  <testcase classname="Testcases.TC001LoginTestCases" name="login" time="8.227"/>
</testsuite> <!-- Testcases.TC001LoginTestCases -->
