<?xml version="1.0" encoding="UTF-8"?>
<!-- Generated by org.testng.reporters.JUnitReportReporter -->
<testsuite hostname="DESKTOP-I91J3NG" failures="0" tests="3" name="Testcases.TC007QualInterview_Sechdule" time="25.536" errors="0" timestamp="2025-01-05T12:27:10 IST" skipped="0">
  <testcase classname="Testcases.TC007QualInterview_Sechdule" name="login" time="4.265"/>
  <testcase classname="Testcases.TC007QualInterview_Sechdule" name="survey_id_search" time="7.872"/>
  <testcase classname="Testcases.TC007QualInterview_Sechdule" name="request_tab" time="13.399"/>
</testsuite> <!-- Testcases.TC007QualInterview_Sechdule -->
