<?xml version="1.0" encoding="UTF-8"?>
<!-- Generated by org.testng.reporters.JUnitReportReporter -->
<testsuite hostname="DESKTOP-I91J3NG" failures="0" tests="2" name="Testcases.TC007Research_Project_Study_Mapping" time="25.796" errors="0" timestamp="2025-01-11T00:19:52 IST" skipped="0">
  <testcase classname="Testcases.TC007Research_Project_Study_Mapping" name="Research_Login_reg" time="12.181"/>
  <testcase classname="Testcases.TC007Research_Project_Study_Mapping" name="Research_Login_reg" time="13.615"/>
</testsuite> <!-- Testcases.TC007Research_Project_Study_Mapping -->
