<?xml version="1.0" encoding="UTF-8"?>
<!-- Generated by org.testng.reporters.JUnitReportReporter -->
<testsuite hostname="DESKTOP-I91J3NG" failures="0" tests="2" name="Testcases.TC004Survey_Creation" time="15.770" errors="0" timestamp="2025-01-11T12:23:15 IST" skipped="0">
  <testcase classname="Testcases.TC004Survey_Creation" name="Builder_login" time="8.583"/>
  <testcase classname="Testcases.TC004Survey_Creation" name="Builder_login" time="7.187"/>
</testsuite> <!-- Testcases.TC004Survey_Creation -->
