<?xml version="1.0" encoding="UTF-8"?>
<!-- Generated by org.testng.reporters.JUnitReportReporter -->
<testsuite hostname="DESKTOP-I91J3NG" failures="0" tests="2" name="Testcases.TC007Research_Project_Study_Mapping" time="18.041" errors="0" timestamp="2025-01-11T12:23:15 IST" skipped="0">
  <testcase classname="Testcases.TC007Research_Project_Study_Mapping" name="Research_Login_reg" time="9.370"/>
  <testcase classname="Testcases.TC007Research_Project_Study_Mapping" name="Research_Login_reg" time="8.671"/>
</testsuite> <!-- Testcases.TC007Research_Project_Study_Mapping -->
